Microsoft Windows [Version 10.0.16299.1686]
(c) 2017 Microsoft Corporation. All rights reserved.

C:\Users\Documents\SpringCloud>java -jar spring-cloud-skipper-server-2.4.0.BUILD-20200216.134721-5.jar
2020-02-28 21:36:05.684  INFO 22788 --- [           main] o.s.c.s.s.a.ProfileApplicationListener   : Setting property 'spring.cloud.kubernetes.enabled' to false.
2020-02-28 21:36:07.317  INFO 22788 --- [           main] o.s.c.s.s.a.ProfileApplicationListener   : Setting property 'spring.cloud.kubernetes.enabled' to false.
2020-02-28 21:36:07.381  INFO 22788 --- [           main] c.c.c.ConfigServicePropertySourceLocator : Fetching config from server at : http://localhost:8888
2020-02-28 21:36:08.476  INFO 22788 --- [           main] c.c.c.ConfigServicePropertySourceLocator : Connect Timeout Exception on Url - http://localhost:8888. Will be trying the next url if available
2020-02-28 21:36:08.479  WARN 22788 --- [           main] c.c.c.ConfigServicePropertySourceLocator : Could not locate PropertySource: I/O error on GET request for "http://localhost:8888//local": Connection refused: connect; nested exception is java.net.ConnectException: Connection refused: connect
2020-02-28 21:36:08.487  INFO 22788 --- [           main] o.s.c.s.s.app.SkipperServerApplication   : The following profiles are active: local
2020-02-28 21:36:11.954  INFO 22788 --- [           main] o.s.cloud.context.scope.GenericScope     : BeanFactory id=7313dca3-aeb0-3a53-b688-c1c65d00ebd5
2020-02-28 21:36:13.458  INFO 22788 --- [           main] o.s.b.w.embedded.tomcat.TomcatWebServer  : Tomcat initialized with port(s): 7577 (http)
2020-02-28 21:36:13.490  INFO 22788 --- [           main] o.apache.catalina.core.StandardService   : Starting service [Tomcat]
2020-02-28 21:36:13.491  INFO 22788 --- [           main] org.apache.catalina.core.StandardEngine  : Starting Servlet engine: [Apache Tomcat/9.0.30]
2020-02-28 21:36:13.657  INFO 22788 --- [           main] o.a.c.c.C.[Tomcat].[localhost].[/]       : Initializing Spring embedded WebApplicationContext
2020-02-28 21:36:17.143  INFO 22788 --- [           main] com.zaxxer.hikari.HikariDataSource       : HikariPool-1 - Starting...
2020-02-28 21:36:17.548  INFO 22788 --- [           main] com.zaxxer.hikari.HikariDataSource       : HikariPool-1 - Start completed.
2020-02-28 21:36:17.615  INFO 22788 --- [           main] d.m.SkipperFlywayConfigurationCustomizer : Customizing flyway config, detected DatabaseDriver as H2.
2020-02-28 21:36:17.674  INFO 22788 --- [           main] o.f.c.internal.license.VersionPrinter    : Flyway Community Edition 5.2.4 by Boxfuse
2020-02-28 21:36:17.695  INFO 22788 --- [           main] o.f.c.internal.database.DatabaseFactory  : Database: jdbc:h2:mem:testdb (H2 1.4)
2020-02-28 21:36:17.753  WARN 22788 --- [           main] o.f.c.internal.database.base.Database    : Flyway upgrade recommended: H2 1.4.200 is newer than this version of Flyway and support has not been tested.
2020-02-28 21:36:17.874  WARN 22788 --- [           main] o.f.c.internal.database.base.Database    : Flyway upgrade recommended: H2 1.4.200 is newer than this version of Flyway and support has not been tested.
2020-02-28 21:36:17.947  INFO 22788 --- [           main] o.f.core.internal.command.DbValidate     : Successfully validated 1 migration (execution time 00:00.016s)
2020-02-28 21:36:17.962  INFO 22788 --- [           main] o.f.c.i.s.JdbcTableSchemaHistory         : Creating Schema History table: "PUBLIC"."flyway_schema_history"
2020-02-28 21:36:17.998  INFO 22788 --- [           main] o.f.core.internal.command.DbMigrate      : Current version of schema "PUBLIC": << Empty Schema >>
2020-02-28 21:36:18.001  INFO 22788 --- [           main] o.f.core.internal.command.DbMigrate      : Migrating schema "PUBLIC" to version 1 - INITIAL SETUP
2020-02-28 21:36:18.104  INFO 22788 --- [           main] o.f.core.internal.command.DbMigrate      : Successfully applied 1 migration to schema "PUBLIC" (execution time 00:00.145s)
2020-02-28 21:36:22.011  INFO 22788 --- [           main] j.LocalContainerEntityManagerFactoryBean : Initialized JPA EntityManagerFactory for persistence unit 'default'
2020-02-28 21:36:24.463  INFO 22788 --- [           main] o.s.s.concurrent.ThreadPoolTaskExecutor  : Initializing ExecutorService 'skipperStateMachineTaskExecutor'
2020-02-28 21:36:25.134  INFO 22788 --- [           main] o.s.c.s.s.s.ReleaseStateUpdateService    : Setting up ReleaseStateUpdateService
2020-02-28 21:36:25.185  INFO 22788 --- [           main] o.s.s.concurrent.ThreadPoolTaskExecutor  : Initializing ExecutorService 'skipperThreadPoolTaskExecutor'
2020-02-28 21:36:25.448  WARN 22788 --- [           main] JpaBaseConfiguration$JpaWebConfiguration : spring.jpa.open-in-view is enabled by default. Therefore, database queries may be performed during view rendering. Explicitly configure spring.jpa.open-in-view to disable this warning
2020-02-28 21:36:25.955  INFO 22788 --- [           main] o.s.s.concurrent.ThreadPoolTaskExecutor  : Initializing ExecutorService 'applicationTaskExecutor'
2020-02-28 21:36:30.659  INFO 22788 --- [           main] o.s.b.w.embedded.tomcat.TomcatWebServer  : Tomcat started on port(s): 7577 (http) with context path ''
2020-02-28 21:36:31.376  INFO 22788 --- [           main] o.s.c.s.s.app.SkipperServerApplication   : Started SkipperServerApplication in 28.322 seconds (JVM running for 29.807)
2020-02-28 21:36:31.719  INFO 22788 --- [           main] .c.s.s.s.RepositoryInitializationService : Initializing repository database for name local
2020-02-28 21:36:32.045  INFO 22788 --- [           main] .s.c.s.s.s.DeployerInitializationService : Added 'Local' platform account 'default' into deployer repository.
2020-02-28 21:37:53.647  INFO 22788 --- [nio-7577-exec-1] o.a.c.c.C.[Tomcat].[localhost].[/]       : Initializing Spring DispatcherServlet 'dispatcherServlet'
2020-02-28 21:40:15.061  INFO 22788 --- [nio-7577-exec-1] o.s.s.s.DefaultStateMachineService       : Acquiring machine with id log-data
2020-02-28 21:40:15.067  INFO 22788 --- [nio-7577-exec-1] o.s.s.s.DefaultStateMachineService       : Getting new machine from factory with id log-data
2020-02-28 21:40:15.210  INFO 22788 --- [nio-7577-exec-1] o.s.s.support.LifecycleObjectSupport     : started org.springframework.statemachine.trigger.TimerTrigger@7c4c661f
2020-02-28 21:40:15.216  INFO 22788 --- [nio-7577-exec-1] o.s.s.support.LifecycleObjectSupport     : started org.springframework.statemachine.support.DefaultStateMachineExecutor@120bbcc6
2020-02-28 21:40:15.224  INFO 22788 --- [nio-7577-exec-1] o.s.s.support.LifecycleObjectSupport     : started UPGRADE UPGRADE_DELETE_SOURCE_APPS UPGRADE_DEPLOY_TARGET_APPS_FAILED UPGRADE_DEPLOY_TARGET_APPS UPGRADE_WAIT_TARGET_APPS UPGRADE_CHECK_TARGET_APPS UPGRADE_CANCEL UPGRADE_DEPLOY_TARGET_APPS_SUCCEED UPGRADE_START UPGRADE_EXIT UPGRADE_CHECK_CHOICE INITIAL SCALE SCALE_SCALE SCALE_EXIT ERROR DELETE DELETE_DELETE DELETE_EXIT INSTALL INSTALL_INSTALL INSTALL_EXIT ROLLBACK ROLLBACK_START ROLLBACK_CHOICE ROLLBACK_EXIT_INSTALL ROLLBACK_EXIT ROLLBACK_EXIT_UPGRADE ERROR_JUNCTION  /  / uuid=20a82a64-02ec-4808-803c-0b4b9d300dc7 / id=log-data
2020-02-28 21:40:15.500  INFO 22788 --- [eTaskExecutor-1] o.s.c.s.s.s.StateMachineConfiguration    : Entering state ObjectState [getIds()=[INITIAL], getClass()=class org.springframework.statemachine.state.ObjectState, hashCode()=1446578447, toString()=AbstractState [id=INITIAL, pseudoState=org.springframework.statemachine.state.DefaultPseudoState@159f5448, deferred=[], entryActions=[], exitActions=[org.springframework.cloud.skipper.server.statemachine.ResetVariablesAction@7a2e0858], stateActions=[], regions=[], submachine=null]]
2020-02-28 21:40:20.242  INFO 22788 --- [eTaskExecutor-3] o.s.c.s.s.s.StateMachineConfiguration    : Entering state StateMachineState [getIds()=[INSTALL], toString()=AbstractState [id=INSTALL, pseudoState=null, deferred=[], entryActions=[], exitActions=[], stateActions=[], regions=[], submachine=INSTALL_INSTALL INSTALL_EXIT  /  / uuid=80f2ceeb-a3d7-4312-a099-4f0f706be1e2 / id=log-data], getClass()=class org.springframework.statemachine.state.StateMachineState]
2020-02-28 21:40:20.294  INFO 22788 --- [eTaskExecutor-3] o.s.c.s.s.s.StateMachineConfiguration    : Entering state ObjectState [getIds()=[INSTALL_INSTALL], getClass()=class org.springframework.statemachine.state.ObjectState, hashCode()=1549973208, toString()=AbstractState [id=INSTALL_INSTALL, pseudoState=org.springframework.statemachine.state.DefaultPseudoState@24257996, deferred=[], entryActions=[org.springframework.cloud.skipper.server.statemachine.InstallInstallAction@6edcd0d8], exitActions=[], stateActions=[], regions=[], submachine=null]]
2020-02-28 21:40:20.454  WARN 22788 --- [eTaskExecutor-3] o.s.c.s.server.service.PackageService    : Temporary directory can not be deleted: C:\Users\AppData\Local\Temp\skipper8208701865168095892
2020-02-28 21:40:21.137  INFO 22788 --- [eTaskExecutor-3] o.s.c.d.spi.local.LocalAppDeployer       : Preparing to run an application from com.javatechie:courier-service:jar:0.0.1-SNAPSHOT. This may take some time if the artifact must be downloaded from a remote host.
2020-02-28 21:40:21.312  INFO 22788 --- [eTaskExecutor-3] o.s.c.d.spi.local.LocalAppDeployer       : Command to be executed: C:\Program Files\Java\jre1.8.0_212\bin\java.exe -jar C:\Users\.m2\repository\com\javatechie\courier-service\0.0.1-SNAPSHOT\courier-service-0.0.1-SNAPSHOT.jar
2020-02-28 21:40:21.333  INFO 22788 --- [eTaskExecutor-3] o.s.c.d.spi.local.LocalAppDeployer       : Deploying app with deploymentId log-data.courier-service-v1 instance 0.
   Logs will be in C:\Users\AppData\Local\Temp\1582906221017\log-data.courier-service-v1
2020-02-28 21:40:21.444  INFO 22788 --- [eTaskExecutor-3] o.s.c.d.spi.local.LocalAppDeployer       : Preparing to run an application from com.javatechie:discount-service:jar:0.0.1-SNAPSHOT. This may take some time if the artifact must be downloaded from a remote host.
2020-02-28 21:40:21.458  INFO 22788 --- [eTaskExecutor-3] o.s.c.d.spi.local.LocalAppDeployer       : Command to be executed: C:\Program Files\Java\jre1.8.0_212\bin\java.exe -jar C:\Users\.m2\repository\com\javatechie\discount-service\0.0.1-SNAPSHOT\discount-service-0.0.1-SNAPSHOT.jar
2020-02-28 21:40:21.481  INFO 22788 --- [eTaskExecutor-3] o.s.c.d.spi.local.LocalAppDeployer       : Deploying app with deploymentId log-data.discount-service-v1 instance 0.
   Logs will be in C:\Users\AppData\Local\Temp\1582906221337\log-data.discount-service-v1
2020-02-28 21:40:21.606  INFO 22788 --- [eTaskExecutor-3] o.s.c.d.spi.local.LocalAppDeployer       : Preparing to run an application from com.javatechie:product-service:jar:0.0.1-SNAPSHOT. This may take some time if the artifact must be downloaded from a remote host.
2020-02-28 21:40:21.646  INFO 22788 --- [eTaskExecutor-3] o.s.c.d.spi.local.LocalAppDeployer       : Command to be executed: C:\Program Files\Java\jre1.8.0_212\bin\java.exe -jar C:\Users\.m2\repository\com\javatechie\product-service\0.0.1-SNAPSHOT\product-service-0.0.1-SNAPSHOT.jar
2020-02-28 21:40:21.752  INFO 22788 --- [eTaskExecutor-3] o.s.c.d.spi.local.LocalAppDeployer       : Deploying app with deploymentId log-data.product-service-v1 instance 0.
   Logs will be in C:\Users\AppData\Local\Temp\1582906221495\log-data.product-service-v1
2020-02-28 21:40:22.173  INFO 22788 --- [eTaskExecutor-3] o.s.s.support.LifecycleObjectSupport     : stopped org.springframework.statemachine.support.DefaultStateMachineExecutor@5a8f1ac1
2020-02-28 21:40:22.186  INFO 22788 --- [eTaskExecutor-3] o.s.s.support.LifecycleObjectSupport     : stopped INSTALL_INSTALL INSTALL_EXIT  /  / uuid=80f2ceeb-a3d7-4312-a099-4f0f706be1e2 / id=log-data
2020-02-28 21:40:22.189  INFO 22788 --- [eTaskExecutor-3] o.s.c.s.s.s.StateMachineConfiguration    : Entering state ObjectState [getIds()=[INITIAL], getClass()=class org.springframework.statemachine.state.ObjectState, hashCode()=1446578447, toString()=AbstractState [id=INITIAL, pseudoState=org.springframework.statemachine.state.DefaultPseudoState@159f5448, deferred=[], entryActions=[], exitActions=[org.springframework.cloud.skipper.server.statemachine.ResetVariablesAction@7a2e0858], stateActions=[], regions=[], submachine=null]]
2020-02-28 21:40:22.196  INFO 22788 --- [eTaskExecutor-3] o.s.c.s.s.s.SkipperStateMachineService   : setting future value org.springframework.cloud.skipper.domain.Release@559b9de8
2020-02-28 21:40:22.201  INFO 22788 --- [eTaskExecutor-3] o.s.s.support.LifecycleObjectSupport     : started org.springframework.statemachine.support.DefaultStateMachineExecutor@5a8f1ac1
2020-02-28 21:40:22.208  INFO 22788 --- [eTaskExecutor-3] o.s.s.support.LifecycleObjectSupport     : started INSTALL_INSTALL INSTALL_EXIT  /  / uuid=80f2ceeb-a3d7-4312-a099-4f0f706be1e2 / id=log-data
